Exception in thread "AWT-EventQueue-0" java.lang.ArrayIndexOutOfBoundsException: 0 >= 0
	at java.util.Vector.elementAt(Unknown Source)
	at COM.cadence.awd.graph.DepAxis.drawGrids(DepAxis.java:536)
	at COM.cadence.awd.graph.DepAxis.paint(DepAxis.java:321)
	at COM.cadence.awd.graph.Rect2DGraph.drawStripAxes(Rect2DGraph.java:1364)
	at COM.cadence.awd.graph.Rect2DGraph.drawStripAxes(Rect2DGraph.java:1306)
	at COM.cadence.awd.graph.Rect2DGraph.drawAxes(Rect2DGraph.java:1244)
	at COM.cadence.awd.graph.Graph.paintObjects(Graph.java:1376)
	at COM.cadence.awd.graph.Rect2DGraph.paint(Rect2DGraph.java:342)
	at COM.cadence.awd.graph.GraphCanvas.paintComponent(GraphCanvas.java:564)
	at javax.swing.JComponent.paint(Unknown Source)
	at javax.swing.JComponent.paintWithOffscreenBuffer(Unknown Source)
	at javax.swing.JComponent.paintDoubleBuffered(Unknown Source)
	at javax.swing.JComponent._paintImmediately(Unknown Source)
	at javax.swing.JComponent.paintImmediately(Unknown Source)
	at javax.swing.RepaintManager.paintDirtyRegions(Unknown Source)
	at javax.swing.SystemEventQueueUtilities$ComponentWorkRequest.run(Unknown Source)
	at java.awt.event.InvocationEvent.dispatch(Unknown Source)
	at java.awt.EventQueue.dispatchEvent(Unknown Source)
	at java.awt.EventDispatchThread.pumpOneEventForHierarchy(Unknown Source)
	at java.awt.EventDispatchThread.pumpEventsForHierarchy(Unknown Source)
	at java.awt.EventDispatchThread.pumpEvents(Unknown Source)
	at java.awt.EventDispatchThread.pumpEvents(Unknown Source)
	at java.awt.EventDispatchThread.run(Unknown Source)
Exception in thread "AWT-EventQueue-0" java.lang.ArrayIndexOutOfBoundsException: 0 >= 0
	at java.util.Vector.elementAt(Unknown Source)
	at COM.cadence.awd.graph.DepAxis.drawGrids(DepAxis.java:536)
	at COM.cadence.awd.graph.DepAxis.paint(DepAxis.java:321)
	at COM.cadence.awd.graph.Rect2DGraph.drawStripAxes(Rect2DGraph.java:1364)
	at COM.cadence.awd.graph.Rect2DGraph.drawStripAxes(Rect2DGraph.java:1306)
	at COM.cadence.awd.graph.Rect2DGraph.drawAxes(Rect2DGraph.java:1244)
	at COM.cadence.awd.graph.Graph.paintObjects(Graph.java:1376)
	at COM.cadence.awd.graph.Rect2DGraph.paint(Rect2DGraph.java:342)
	at COM.cadence.awd.graph.GraphCanvas.paintComponent(GraphCanvas.java:564)
	at javax.swing.JComponent.paint(Unknown Source)
	at javax.swing.JComponent.paintChildren(Unknown Source)
	at javax.swing.JComponent.paint(Unknown Source)
	at javax.swing.JComponent.paintChildren(Unknown Source)
	at javax.swing.JComponent.paint(Unknown Source)
	at javax.swing.JComponent.paintChildren(Unknown Source)
	at javax.swing.JComponent.paint(Unknown Source)
	at javax.swing.JLayeredPane.paint(Unknown Source)
	at javax.swing.JComponent.paintChildren(Unknown Source)
	at javax.swing.JComponent.paint(Unknown Source)
	at java.awt.GraphicsCallback$PaintCallback.run(Unknown Source)
	at sun.awt.SunGraphicsCallback.runOneComponent(Unknown Source)
	at sun.awt.SunGraphicsCallback.runComponents(Unknown Source)
	at java.awt.Container.paint(Unknown Source)
	at sun.awt.RepaintArea.paintComponent(Unknown Source)
	at sun.awt.X11.XRepaintArea.paintComponent(Unknown Source)
	at sun.awt.RepaintArea.paint(Unknown Source)
	at sun.awt.X11.XComponentPeer.handleEvent(Unknown Source)
	at java.awt.Component.dispatchEventImpl(Unknown Source)
	at java.awt.Container.dispatchEventImpl(Unknown Source)
	at java.awt.Window.dispatchEventImpl(Unknown Source)
	at java.awt.Component.dispatchEvent(Unknown Source)
	at java.awt.EventQueue.dispatchEvent(Unknown Source)
	at java.awt.EventDispatchThread.pumpOneEventForHierarchy(Unknown Source)
	at java.awt.EventDispatchThread.pumpEventsForHierarchy(Unknown Source)
	at java.awt.EventDispatchThread.pumpEvents(Unknown Source)
	at java.awt.EventDispatchThread.pumpEvents(Unknown Source)
	at java.awt.EventDispatchThread.run(Unknown Source)
Exception in thread "AWT-EventQueue-0" java.lang.ArrayIndexOutOfBoundsException: 0 >= 0
	at java.util.Vector.elementAt(Unknown Source)
	at COM.cadence.awd.graph.DepAxis.drawGrids(DepAxis.java:536)
	at COM.cadence.awd.graph.DepAxis.paint(DepAxis.java:321)
	at COM.cadence.awd.graph.Rect2DGraph.drawStripAxes(Rect2DGraph.java:1364)
	at COM.cadence.awd.graph.Rect2DGraph.drawStripAxes(Rect2DGraph.java:1306)
	at COM.cadence.awd.graph.Rect2DGraph.drawAxes(Rect2DGraph.java:1244)
	at COM.cadence.awd.graph.Graph.paintObjects(Graph.java:1376)
	at COM.cadence.awd.graph.Rect2DGraph.paint(Rect2DGraph.java:342)
	at COM.cadence.awd.graph.GraphCanvas.paintComponent(GraphCanvas.java:564)
	at javax.swing.JComponent.paint(Unknown Source)
	at javax.swing.JComponent.paintChildren(Unknown Source)
	at javax.swing.JComponent.paint(Unknown Source)
	at javax.swing.JComponent.paintChildren(Unknown Source)
	at javax.swing.JComponent.paint(Unknown Source)
	at javax.swing.JComponent.paintChildren(Unknown Source)
	at javax.swing.JComponent.paint(Unknown Source)
	at javax.swing.JLayeredPane.paint(Unknown Source)
	at javax.swing.JComponent.paintChildren(Unknown Source)
	at javax.swing.JComponent.paint(Unknown Source)
	at java.awt.GraphicsCallback$PaintCallback.run(Unknown Source)
	at sun.awt.SunGraphicsCallback.runOneComponent(Unknown Source)
	at sun.awt.SunGraphicsCallback.runComponents(Unknown Source)
	at java.awt.Container.paint(Unknown Source)
	at sun.awt.RepaintArea.paintComponent(Unknown Source)
	at sun.awt.X11.XRepaintArea.paintComponent(Unknown Source)
	at sun.awt.RepaintArea.paint(Unknown Source)
	at sun.awt.X11.XComponentPeer.handleEvent(Unknown Source)
	at java.awt.Component.dispatchEventImpl(Unknown Source)
	at java.awt.Container.dispatchEventImpl(Unknown Source)
	at java.awt.Window.dispatchEventImpl(Unknown Source)
	at java.awt.Component.dispatchEvent(Unknown Source)
	at java.awt.EventQueue.dispatchEvent(Unknown Source)
	at java.awt.EventDispatchThread.pumpOneEventForHierarchy(Unknown Source)
	at java.awt.EventDispatchThread.pumpEventsForHierarchy(Unknown Source)
	at java.awt.EventDispatchThread.pumpEvents(Unknown Source)
	at java.awt.EventDispatchThread.pumpEvents(Unknown Source)
	at java.awt.EventDispatchThread.run(Unknown Source)
Exception in thread "AWT-EventQueue-0" java.lang.ArrayIndexOutOfBoundsException: 0 >= 0
	at java.util.Vector.elementAt(Unknown Source)
	at COM.cadence.awd.graph.DepAxis.drawGrids(DepAxis.java:536)
	at COM.cadence.awd.graph.DepAxis.paint(DepAxis.java:321)
	at COM.cadence.awd.graph.Rect2DGraph.drawStripAxes(Rect2DGraph.java:1364)
	at COM.cadence.awd.graph.Rect2DGraph.drawStripAxes(Rect2DGraph.java:1306)
	at COM.cadence.awd.graph.Rect2DGraph.drawAxes(Rect2DGraph.java:1244)
	at COM.cadence.awd.graph.Graph.paintObjects(Graph.java:1376)
	at COM.cadence.awd.graph.Rect2DGraph.paint(Rect2DGraph.java:342)
	at COM.cadence.awd.graph.GraphCanvas.paintComponent(GraphCanvas.java:564)
	at javax.swing.JComponent.paint(Unknown Source)
	at javax.swing.JComponent.paintChildren(Unknown Source)
	at javax.swing.JComponent.paint(Unknown Source)
	at javax.swing.JComponent.paintChildren(Unknown Source)
	at javax.swing.JComponent.paint(Unknown Source)
	at javax.swing.JComponent.paintChildren(Unknown Source)
	at javax.swing.JComponent.paint(Unknown Source)
	at javax.swing.JLayeredPane.paint(Unknown Source)
	at javax.swing.JComponent.paintChildren(Unknown Source)
	at javax.swing.JComponent.paint(Unknown Source)
	at java.awt.GraphicsCallback$PaintCallback.run(Unknown Source)
	at sun.awt.SunGraphicsCallback.runOneComponent(Unknown Source)
	at sun.awt.SunGraphicsCallback.runComponents(Unknown Source)
	at java.awt.Container.paint(Unknown Source)
	at sun.awt.RepaintArea.paintComponent(Unknown Source)
	at sun.awt.X11.XRepaintArea.paintComponent(Unknown Source)
	at sun.awt.RepaintArea.paint(Unknown Source)
	at sun.awt.X11.XComponentPeer.handleEvent(Unknown Source)
	at java.awt.Component.dispatchEventImpl(Unknown Source)
	at java.awt.Container.dispatchEventImpl(Unknown Source)
	at java.awt.Window.dispatchEventImpl(Unknown Source)
	at java.awt.Component.dispatchEvent(Unknown Source)
	at java.awt.EventQueue.dispatchEvent(Unknown Source)
	at java.awt.EventDispatchThread.pumpOneEventForHierarchy(Unknown Source)
	at java.awt.EventDispatchThread.pumpEventsForHierarchy(Unknown Source)
	at java.awt.EventDispatchThread.pumpEvents(Unknown Source)
	at java.awt.EventDispatchThread.pumpEvents(Unknown Source)
	at java.awt.EventDispatchThread.run(Unknown Source)
Exception in thread "AWT-EventQueue-0" java.lang.ArrayIndexOutOfBoundsException: 0 >= 0
	at java.util.Vector.elementAt(Unknown Source)
	at COM.cadence.awd.graph.DepAxis.drawGrids(DepAxis.java:536)
	at COM.cadence.awd.graph.DepAxis.paint(DepAxis.java:321)
	at COM.cadence.awd.graph.Rect2DGraph.drawStripAxes(Rect2DGraph.java:1364)
	at COM.cadence.awd.graph.Rect2DGraph.drawStripAxes(Rect2DGraph.java:1306)
	at COM.cadence.awd.graph.Rect2DGraph.drawAxes(Rect2DGraph.java:1244)
	at COM.cadence.awd.graph.Graph.paintObjects(Graph.java:1376)
	at COM.cadence.awd.graph.Rect2DGraph.paint(Rect2DGraph.java:342)
	at COM.cadence.awd.graph.GraphCanvas.paintComponent(GraphCanvas.java:564)
	at javax.swing.JComponent.paint(Unknown Source)
	at javax.swing.JComponent.paintChildren(Unknown Source)
	at javax.swing.JComponent.paint(Unknown Source)
	at javax.swing.JComponent.paintChildren(Unknown Source)
	at javax.swing.JComponent.paint(Unknown Source)
	at javax.swing.JComponent.paintChildren(Unknown Source)
	at javax.swing.JComponent.paint(Unknown Source)
	at javax.swing.JLayeredPane.paint(Unknown Source)
	at javax.swing.JComponent.paintChildren(Unknown Source)
	at javax.swing.JComponent.paint(Unknown Source)
	at java.awt.GraphicsCallback$PaintCallback.run(Unknown Source)
	at sun.awt.SunGraphicsCallback.runOneComponent(Unknown Source)
	at sun.awt.SunGraphicsCallback.runComponents(Unknown Source)
	at java.awt.Container.paint(Unknown Source)
	at sun.awt.RepaintArea.paintComponent(Unknown Source)
	at sun.awt.X11.XRepaintArea.paintComponent(Unknown Source)
	at sun.awt.RepaintArea.paint(Unknown Source)
	at sun.awt.X11.XComponentPeer.handleEvent(Unknown Source)
	at java.awt.Component.dispatchEventImpl(Unknown Source)
	at java.awt.Container.dispatchEventImpl(Unknown Source)
	at java.awt.Window.dispatchEventImpl(Unknown Source)
	at java.awt.Component.dispatchEvent(Unknown Source)
	at java.awt.EventQueue.dispatchEvent(Unknown Source)
	at java.awt.EventDispatchThread.pumpOneEventForHierarchy(Unknown Source)
	at java.awt.EventDispatchThread.pumpEventsForHierarchy(Unknown Source)
	at java.awt.EventDispatchThread.pumpEvents(Unknown Source)
	at java.awt.EventDispatchThread.pumpEvents(Unknown Source)
	at java.awt.EventDispatchThread.run(Unknown Source)
Exception in thread "AWT-EventQueue-0" java.lang.ArrayIndexOutOfBoundsException: 0 >= 0
	at java.util.Vector.elementAt(Unknown Source)
	at COM.cadence.awd.graph.DepAxis.drawGrids(DepAxis.java:536)
	at COM.cadence.awd.graph.DepAxis.paint(DepAxis.java:321)
	at COM.cadence.awd.graph.Rect2DGraph.drawStripAxes(Rect2DGraph.java:1364)
	at COM.cadence.awd.graph.Rect2DGraph.drawStripAxes(Rect2DGraph.java:1306)
	at COM.cadence.awd.graph.Rect2DGraph.drawAxes(Rect2DGraph.java:1244)
	at COM.cadence.awd.graph.Graph.paintObjects(Graph.java:1376)
	at COM.cadence.awd.graph.Rect2DGraph.paint(Rect2DGraph.java:342)
	at COM.cadence.awd.graph.GraphCanvas.paintComponent(GraphCanvas.java:564)
	at javax.swing.JComponent.paint(Unknown Source)
	at javax.swing.JComponent.paintChildren(Unknown Source)
	at javax.swing.JComponent.paint(Unknown Source)
	at javax.swing.JComponent.paintChildren(Unknown Source)
	at javax.swing.JComponent.paint(Unknown Source)
	at javax.swing.JComponent.paintChildren(Unknown Source)
	at javax.swing.JComponent.paint(Unknown Source)
	at javax.swing.JLayeredPane.paint(Unknown Source)
	at javax.swing.JComponent.paintChildren(Unknown Source)
	at javax.swing.JComponent.paint(Unknown Source)
	at java.awt.GraphicsCallback$PaintCallback.run(Unknown Source)
	at sun.awt.SunGraphicsCallback.runOneComponent(Unknown Source)
	at sun.awt.SunGraphicsCallback.runComponents(Unknown Source)
	at java.awt.Container.paint(Unknown Source)
	at sun.awt.RepaintArea.paintComponent(Unknown Source)
	at sun.awt.X11.XRepaintArea.paintComponent(Unknown Source)
	at sun.awt.RepaintArea.paint(Unknown Source)
	at sun.awt.X11.XComponentPeer.handleEvent(Unknown Source)
	at java.awt.Component.dispatchEventImpl(Unknown Source)
	at java.awt.Container.dispatchEventImpl(Unknown Source)
	at java.awt.Window.dispatchEventImpl(Unknown Source)
	at java.awt.Component.dispatchEvent(Unknown Source)
	at java.awt.EventQueue.dispatchEvent(Unknown Source)
	at java.awt.EventDispatchThread.pumpOneEventForHierarchy(Unknown Source)
	at java.awt.EventDispatchThread.pumpEventsForHierarchy(Unknown Source)
	at java.awt.EventDispatchThread.pumpEvents(Unknown Source)
	at java.awt.EventDispatchThread.pumpEvents(Unknown Source)
	at java.awt.EventDispatchThread.run(Unknown Source)
Exception in thread "AWT-EventQueue-0" java.lang.ArrayIndexOutOfBoundsException: 0 >= 0
	at java.util.Vector.elementAt(Unknown Source)
	at COM.cadence.awd.graph.DepAxis.drawGrids(DepAxis.java:536)
	at COM.cadence.awd.graph.DepAxis.paint(DepAxis.java:321)
	at COM.cadence.awd.graph.Rect2DGraph.drawStripAxes(Rect2DGraph.java:1364)
	at COM.cadence.awd.graph.Rect2DGraph.drawStripAxes(Rect2DGraph.java:1306)
	at COM.cadence.awd.graph.Rect2DGraph.drawAxes(Rect2DGraph.java:1244)
	at COM.cadence.awd.graph.Graph.paintObjects(Graph.java:1376)
	at COM.cadence.awd.graph.Rect2DGraph.paint(Rect2DGraph.java:342)
	at COM.cadence.awd.graph.GraphCanvas.paintComponent(GraphCanvas.java:564)
	at javax.swing.JComponent.paint(Unknown Source)
	at javax.swing.JComponent.paintChildren(Unknown Source)
	at javax.swing.JComponent.paint(Unknown Source)
	at javax.swing.JComponent.paintChildren(Unknown Source)
	at javax.swing.JComponent.paint(Unknown Source)
	at javax.swing.JComponent.paintChildren(Unknown Source)
	at javax.swing.JComponent.paint(Unknown Source)
	at javax.swing.JLayeredPane.paint(Unknown Source)
	at javax.swing.JComponent.paintChildren(Unknown Source)
	at javax.swing.JComponent.paint(Unknown Source)
	at java.awt.GraphicsCallback$PaintCallback.run(Unknown Source)
	at sun.awt.SunGraphicsCallback.runOneComponent(Unknown Source)
	at sun.awt.SunGraphicsCallback.runComponents(Unknown Source)
	at java.awt.Container.paint(Unknown Source)
	at sun.awt.RepaintArea.paintComponent(Unknown Source)
	at sun.awt.X11.XRepaintArea.paintComponent(Unknown Source)
	at sun.awt.RepaintArea.paint(Unknown Source)
	at sun.awt.X11.XComponentPeer.handleEvent(Unknown Source)
	at java.awt.Component.dispatchEventImpl(Unknown Source)
	at java.awt.Container.dispatchEventImpl(Unknown Source)
	at java.awt.Window.dispatchEventImpl(Unknown Source)
	at java.awt.Component.dispatchEvent(Unknown Source)
	at java.awt.EventQueue.dispatchEvent(Unknown Source)
	at java.awt.EventDispatchThread.pumpOneEventForHierarchy(Unknown Source)
	at java.awt.EventDispatchThread.pumpEventsForHierarchy(Unknown Source)
	at java.awt.EventDispatchThread.pumpEvents(Unknown Source)
	at java.awt.EventDispatchThread.pumpEvents(Unknown Source)
	at java.awt.EventDispatchThread.run(Unknown Source)
Exception in thread "AWT-EventQueue-0" java.lang.ArrayIndexOutOfBoundsException: 0 >= 0
	at java.util.Vector.elementAt(Unknown Source)
	at COM.cadence.awd.graph.DepAxis.drawGrids(DepAxis.java:536)
	at COM.cadence.awd.graph.DepAxis.paint(DepAxis.java:321)
	at COM.cadence.awd.graph.Rect2DGraph.drawStripAxes(Rect2DGraph.java:1364)
	at COM.cadence.awd.graph.Rect2DGraph.drawStripAxes(Rect2DGraph.java:1306)
	at COM.cadence.awd.graph.Rect2DGraph.drawAxes(Rect2DGraph.java:1244)
	at COM.cadence.awd.graph.Graph.paintObjects(Graph.java:1376)
	at COM.cadence.awd.graph.Rect2DGraph.paint(Rect2DGraph.java:342)
	at COM.cadence.awd.graph.GraphCanvas.paintComponent(GraphCanvas.java:564)
	at javax.swing.JComponent.paint(Unknown Source)
	at javax.swing.JComponent.paintChildren(Unknown Source)
	at javax.swing.JComponent.paint(Unknown Source)
	at javax.swing.JComponent.paintChildren(Unknown Source)
	at javax.swing.JComponent.paint(Unknown Source)
	at javax.swing.JComponent.paintChildren(Unknown Source)
	at javax.swing.JComponent.paint(Unknown Source)
	at javax.swing.JLayeredPane.paint(Unknown Source)
	at javax.swing.JComponent.paintChildren(Unknown Source)
	at javax.swing.JComponent.paint(Unknown Source)
	at java.awt.GraphicsCallback$PaintCallback.run(Unknown Source)
	at sun.awt.SunGraphicsCallback.runOneComponent(Unknown Source)
	at sun.awt.SunGraphicsCallback.runComponents(Unknown Source)
	at java.awt.Container.paint(Unknown Source)
	at sun.awt.RepaintArea.paintComponent(Unknown Source)
	at sun.awt.X11.XRepaintArea.paintComponent(Unknown Source)
	at sun.awt.RepaintArea.paint(Unknown Source)
	at sun.awt.X11.XComponentPeer.handleEvent(Unknown Source)
	at java.awt.Component.dispatchEventImpl(Unknown Source)
	at java.awt.Container.dispatchEventImpl(Unknown Source)
	at java.awt.Window.dispatchEventImpl(Unknown Source)
	at java.awt.Component.dispatchEvent(Unknown Source)
	at java.awt.EventQueue.dispatchEvent(Unknown Source)
	at java.awt.EventDispatchThread.pumpOneEventForHierarchy(Unknown Source)
	at java.awt.EventDispatchThread.pumpEventsForHierarchy(Unknown Source)
	at java.awt.EventDispatchThread.pumpEvents(Unknown Source)
	at java.awt.EventDispatchThread.pumpEvents(Unknown Source)
	at java.awt.EventDispatchThread.run(Unknown Source)
Exception in thread "AWT-EventQueue-0" java.lang.ArrayIndexOutOfBoundsException: 0 >= 0
	at java.util.Vector.elementAt(Unknown Source)
	at COM.cadence.awd.graph.DepAxis.drawGrids(DepAxis.java:536)
	at COM.cadence.awd.graph.DepAxis.paint(DepAxis.java:321)
	at COM.cadence.awd.graph.Rect2DGraph.drawStripAxes(Rect2DGraph.java:1364)
	at COM.cadence.awd.graph.Rect2DGraph.drawStripAxes(Rect2DGraph.java:1306)
	at COM.cadence.awd.graph.Rect2DGraph.drawAxes(Rect2DGraph.java:1244)
	at COM.cadence.awd.graph.Graph.paintObjects(Graph.java:1376)
	at COM.cadence.awd.graph.Rect2DGraph.paint(Rect2DGraph.java:342)
	at COM.cadence.awd.graph.GraphCanvas.paintComponent(GraphCanvas.java:564)
	at javax.swing.JComponent.paint(Unknown Source)
	at javax.swing.JComponent.paintChildren(Unknown Source)
	at javax.swing.JComponent.paint(Unknown Source)
	at javax.swing.JComponent.paintChildren(Unknown Source)
	at javax.swing.JComponent.paint(Unknown Source)
	at javax.swing.JComponent.paintChildren(Unknown Source)
	at javax.swing.JComponent.paint(Unknown Source)
	at javax.swing.JLayeredPane.paint(Unknown Source)
	at javax.swing.JComponent.paintChildren(Unknown Source)
	at javax.swing.JComponent.paint(Unknown Source)
	at java.awt.GraphicsCallback$PaintCallback.run(Unknown Source)
	at sun.awt.SunGraphicsCallback.runOneComponent(Unknown Source)
	at sun.awt.SunGraphicsCallback.runComponents(Unknown Source)
	at java.awt.Container.paint(Unknown Source)
	at sun.awt.RepaintArea.paintComponent(Unknown Source)
	at sun.awt.X11.XRepaintArea.paintComponent(Unknown Source)
	at sun.awt.RepaintArea.paint(Unknown Source)
	at sun.awt.X11.XComponentPeer.handleEvent(Unknown Source)
	at java.awt.Component.dispatchEventImpl(Unknown Source)
	at java.awt.Container.dispatchEventImpl(Unknown Source)
	at java.awt.Window.dispatchEventImpl(Unknown Source)
	at java.awt.Component.dispatchEvent(Unknown Source)
	at java.awt.EventQueue.dispatchEvent(Unknown Source)
	at java.awt.EventDispatchThread.pumpOneEventForHierarchy(Unknown Source)
	at java.awt.EventDispatchThread.pumpEventsForHierarchy(Unknown Source)
	at java.awt.EventDispatchThread.pumpEvents(Unknown Source)
	at java.awt.EventDispatchThread.pumpEvents(Unknown Source)
	at java.awt.EventDispatchThread.run(Unknown Source)
Exception in thread "AWT-EventQueue-0" java.lang.ArrayIndexOutOfBoundsException: 0 >= 0
	at java.util.Vector.elementAt(Unknown Source)
	at COM.cadence.awd.graph.DepAxis.drawGrids(DepAxis.java:536)
	at COM.cadence.awd.graph.DepAxis.paint(DepAxis.java:321)
	at COM.cadence.awd.graph.Rect2DGraph.drawStripAxes(Rect2DGraph.java:1364)
	at COM.cadence.awd.graph.Rect2DGraph.drawStripAxes(Rect2DGraph.java:1306)
	at COM.cadence.awd.graph.Rect2DGraph.drawAxes(Rect2DGraph.java:1244)
	at COM.cadence.awd.graph.Graph.paintObjects(Graph.java:1376)
	at COM.cadence.awd.graph.Rect2DGraph.paint(Rect2DGraph.java:342)
	at COM.cadence.awd.graph.GraphCanvas.paintComponent(GraphCanvas.java:564)
	at javax.swing.JComponent.paint(Unknown Source)
	at javax.swing.JComponent.paintChildren(Unknown Source)
	at javax.swing.JComponent.paint(Unknown Source)
	at javax.swing.JComponent.paintChildren(Unknown Source)
	at javax.swing.JComponent.paint(Unknown Source)
	at javax.swing.JComponent.paintChildren(Unknown Source)
	at javax.swing.JComponent.paint(Unknown Source)
	at javax.swing.JLayeredPane.paint(Unknown Source)
	at javax.swing.JComponent.paintChildren(Unknown Source)
	at javax.swing.JComponent.paint(Unknown Source)
	at java.awt.GraphicsCallback$PaintCallback.run(Unknown Source)
	at sun.awt.SunGraphicsCallback.runOneComponent(Unknown Source)
	at sun.awt.SunGraphicsCallback.runComponents(Unknown Source)
	at java.awt.Container.paint(Unknown Source)
	at sun.awt.RepaintArea.paintComponent(Unknown Source)
	at sun.awt.X11.XRepaintArea.paintComponent(Unknown Source)
	at sun.awt.RepaintArea.paint(Unknown Source)
	at sun.awt.X11.XComponentPeer.handleEvent(Unknown Source)
	at java.awt.Component.dispatchEventImpl(Unknown Source)
	at java.awt.Container.dispatchEventImpl(Unknown Source)
	at java.awt.Window.dispatchEventImpl(Unknown Source)
	at java.awt.Component.dispatchEvent(Unknown Source)
	at java.awt.EventQueue.dispatchEvent(Unknown Source)
	at java.awt.EventDispatchThread.pumpOneEventForHierarchy(Unknown Source)
	at java.awt.EventDispatchThread.pumpEventsForHierarchy(Unknown Source)
	at java.awt.EventDispatchThread.pumpEvents(Unknown Source)
	at java.awt.EventDispatchThread.pumpEvents(Unknown Source)
	at java.awt.EventDispatchThread.run(Unknown Source)
Exception in thread "AWT-EventQueue-0" java.lang.ArrayIndexOutOfBoundsException: 0 >= 0
	at java.util.Vector.elementAt(Unknown Source)
	at COM.cadence.awd.graph.DepAxis.drawGrids(DepAxis.java:536)
	at COM.cadence.awd.graph.DepAxis.paint(DepAxis.java:321)
	at COM.cadence.awd.graph.Rect2DGraph.drawStripAxes(Rect2DGraph.java:1364)
	at COM.cadence.awd.graph.Rect2DGraph.drawStripAxes(Rect2DGraph.java:1306)
	at COM.cadence.awd.graph.Rect2DGraph.drawAxes(Rect2DGraph.java:1244)
	at COM.cadence.awd.graph.Graph.paintObjects(Graph.java:1376)
	at COM.cadence.awd.graph.Rect2DGraph.paint(Rect2DGraph.java:342)
	at COM.cadence.awd.graph.GraphCanvas.paintComponent(GraphCanvas.java:564)
	at javax.swing.JComponent.paint(Unknown Source)
	at javax.swing.JComponent.paintChildren(Unknown Source)
	at javax.swing.JComponent.paint(Unknown Source)
	at javax.swing.JComponent.paintChildren(Unknown Source)
	at javax.swing.JComponent.paint(Unknown Source)
	at javax.swing.JComponent.paintChildren(Unknown Source)
	at javax.swing.JComponent.paint(Unknown Source)
	at javax.swing.JLayeredPane.paint(Unknown Source)
	at javax.swing.JComponent.paintChildren(Unknown Source)
	at javax.swing.JComponent.paint(Unknown Source)
	at java.awt.GraphicsCallback$PaintCallback.run(Unknown Source)
	at sun.awt.SunGraphicsCallback.runOneComponent(Unknown Source)
	at sun.awt.SunGraphicsCallback.runComponents(Unknown Source)
	at java.awt.Container.paint(Unknown Source)
	at sun.awt.RepaintArea.paintComponent(Unknown Source)
	at sun.awt.X11.XRepaintArea.paintComponent(Unknown Source)
	at sun.awt.RepaintArea.paint(Unknown Source)
	at sun.awt.X11.XComponentPeer.handleEvent(Unknown Source)
	at java.awt.Component.dispatchEventImpl(Unknown Source)
	at java.awt.Container.dispatchEventImpl(Unknown Source)
	at java.awt.Window.dispatchEventImpl(Unknown Source)
	at java.awt.Component.dispatchEvent(Unknown Source)
	at java.awt.EventQueue.dispatchEvent(Unknown Source)
	at java.awt.EventDispatchThread.pumpOneEventForHierarchy(Unknown Source)
	at java.awt.EventDispatchThread.pumpEventsForHierarchy(Unknown Source)
	at java.awt.EventDispatchThread.pumpEvents(Unknown Source)
	at java.awt.EventDispatchThread.pumpEvents(Unknown Source)
	at java.awt.EventDispatchThread.run(Unknown Source)
Exception in thread "AWT-EventQueue-0" java.lang.ArrayIndexOutOfBoundsException: 0 >= 0
	at java.util.Vector.elementAt(Unknown Source)
	at COM.cadence.awd.graph.DepAxis.drawGrids(DepAxis.java:536)
	at COM.cadence.awd.graph.DepAxis.paint(DepAxis.java:321)
	at COM.cadence.awd.graph.Rect2DGraph.drawStripAxes(Rect2DGraph.java:1364)
	at COM.cadence.awd.graph.Rect2DGraph.drawStripAxes(Rect2DGraph.java:1306)
	at COM.cadence.awd.graph.Rect2DGraph.drawAxes(Rect2DGraph.java:1244)
	at COM.cadence.awd.graph.Graph.paintObjects(Graph.java:1376)
	at COM.cadence.awd.graph.Rect2DGraph.paint(Rect2DGraph.java:342)
	at COM.cadence.awd.graph.GraphCanvas.paintComponent(GraphCanvas.java:564)
	at javax.swing.JComponent.paint(Unknown Source)
	at javax.swing.JComponent.paintChildren(Unknown Source)
	at javax.swing.JComponent.paint(Unknown Source)
	at javax.swing.JComponent.paintChildren(Unknown Source)
	at javax.swing.JComponent.paint(Unknown Source)
	at javax.swing.JComponent.paintChildren(Unknown Source)
	at javax.swing.JComponent.paint(Unknown Source)
	at javax.swing.JLayeredPane.paint(Unknown Source)
	at javax.swing.JComponent.paintChildren(Unknown Source)
	at javax.swing.JComponent.paint(Unknown Source)
	at java.awt.GraphicsCallback$PaintCallback.run(Unknown Source)
	at sun.awt.SunGraphicsCallback.runOneComponent(Unknown Source)
	at sun.awt.SunGraphicsCallback.runComponents(Unknown Source)
	at java.awt.Container.paint(Unknown Source)
	at sun.awt.RepaintArea.paintComponent(Unknown Source)
	at sun.awt.X11.XRepaintArea.paintComponent(Unknown Source)
	at sun.awt.RepaintArea.paint(Unknown Source)
	at sun.awt.X11.XComponentPeer.handleEvent(Unknown Source)
	at java.awt.Component.dispatchEventImpl(Unknown Source)
	at java.awt.Container.dispatchEventImpl(Unknown Source)
	at java.awt.Window.dispatchEventImpl(Unknown Source)
	at java.awt.Component.dispatchEvent(Unknown Source)
	at java.awt.EventQueue.dispatchEvent(Unknown Source)
	at java.awt.EventDispatchThread.pumpOneEventForHierarchy(Unknown Source)
	at java.awt.EventDispatchThread.pumpEventsForHierarchy(Unknown Source)
	at java.awt.EventDispatchThread.pumpEvents(Unknown Source)
	at java.awt.EventDispatchThread.pumpEvents(Unknown Source)
	at java.awt.EventDispatchThread.run(Unknown Source)
Exception in thread "AWT-EventQueue-0" java.lang.ArrayIndexOutOfBoundsException: 0 >= 0
	at java.util.Vector.elementAt(Unknown Source)
	at COM.cadence.awd.graph.DepAxis.drawGrids(DepAxis.java:536)
	at COM.cadence.awd.graph.DepAxis.paint(DepAxis.java:321)
	at COM.cadence.awd.graph.Rect2DGraph.drawStripAxes(Rect2DGraph.java:1364)
	at COM.cadence.awd.graph.Rect2DGraph.drawStripAxes(Rect2DGraph.java:1306)
	at COM.cadence.awd.graph.Rect2DGraph.drawAxes(Rect2DGraph.java:1244)
	at COM.cadence.awd.graph.Graph.paintObjects(Graph.java:1376)
	at COM.cadence.awd.graph.Rect2DGraph.paint(Rect2DGraph.java:342)
	at COM.cadence.awd.graph.GraphCanvas.paintComponent(GraphCanvas.java:564)
	at javax.swing.JComponent.paint(Unknown Source)
	at javax.swing.JComponent.paintChildren(Unknown Source)
	at javax.swing.JComponent.paint(Unknown Source)
	at javax.swing.JComponent.paintChildren(Unknown Source)
	at javax.swing.JComponent.paint(Unknown Source)
	at javax.swing.JComponent.paintChildren(Unknown Source)
	at javax.swing.JComponent.paint(Unknown Source)
	at javax.swing.JLayeredPane.paint(Unknown Source)
	at javax.swing.JComponent.paintChildren(Unknown Source)
	at javax.swing.JComponent.paint(Unknown Source)
	at java.awt.GraphicsCallback$PaintCallback.run(Unknown Source)
	at sun.awt.SunGraphicsCallback.runOneComponent(Unknown Source)
	at sun.awt.SunGraphicsCallback.runComponents(Unknown Source)
	at java.awt.Container.paint(Unknown Source)
	at sun.awt.RepaintArea.paintComponent(Unknown Source)
	at sun.awt.X11.XRepaintArea.paintComponent(Unknown Source)
	at sun.awt.RepaintArea.paint(Unknown Source)
	at sun.awt.X11.XComponentPeer.handleEvent(Unknown Source)
	at java.awt.Component.dispatchEventImpl(Unknown Source)
	at java.awt.Container.dispatchEventImpl(Unknown Source)
	at java.awt.Window.dispatchEventImpl(Unknown Source)
	at java.awt.Component.dispatchEvent(Unknown Source)
	at java.awt.EventQueue.dispatchEvent(Unknown Source)
	at java.awt.EventDispatchThread.pumpOneEventForHierarchy(Unknown Source)
	at java.awt.EventDispatchThread.pumpEventsForHierarchy(Unknown Source)
	at java.awt.EventDispatchThread.pumpEvents(Unknown Source)
	at java.awt.EventDispatchThread.pumpEvents(Unknown Source)
	at java.awt.EventDispatchThread.run(Unknown Source)
Exception in thread "AWT-EventQueue-0" java.lang.ArrayIndexOutOfBoundsException: 0 >= 0
	at java.util.Vector.elementAt(Unknown Source)
	at COM.cadence.awd.graph.DepAxis.drawGrids(DepAxis.java:536)
	at COM.cadence.awd.graph.DepAxis.paint(DepAxis.java:321)
	at COM.cadence.awd.graph.Rect2DGraph.drawStripAxes(Rect2DGraph.java:1364)
	at COM.cadence.awd.graph.Rect2DGraph.drawStripAxes(Rect2DGraph.java:1306)
	at COM.cadence.awd.graph.Rect2DGraph.drawAxes(Rect2DGraph.java:1244)
	at COM.cadence.awd.graph.Graph.paintObjects(Graph.java:1376)
	at COM.cadence.awd.graph.Rect2DGraph.paint(Rect2DGraph.java:342)
	at COM.cadence.awd.graph.GraphCanvas.paintComponent(GraphCanvas.java:564)
	at javax.swing.JComponent.paint(Unknown Source)
	at javax.swing.JComponent.paintChildren(Unknown Source)
	at javax.swing.JComponent.paint(Unknown Source)
	at javax.swing.JComponent.paintChildren(Unknown Source)
	at javax.swing.JComponent.paint(Unknown Source)
	at javax.swing.JComponent.paintChildren(Unknown Source)
	at javax.swing.JComponent.paint(Unknown Source)
	at javax.swing.JLayeredPane.paint(Unknown Source)
	at javax.swing.JComponent.paintChildren(Unknown Source)
	at javax.swing.JComponent.paint(Unknown Source)
	at java.awt.GraphicsCallback$PaintCallback.run(Unknown Source)
	at sun.awt.SunGraphicsCallback.runOneComponent(Unknown Source)
	at sun.awt.SunGraphicsCallback.runComponents(Unknown Source)
	at java.awt.Container.paint(Unknown Source)
	at sun.awt.RepaintArea.paintComponent(Unknown Source)
	at sun.awt.X11.XRepaintArea.paintComponent(Unknown Source)
	at sun.awt.RepaintArea.paint(Unknown Source)
	at sun.awt.X11.XComponentPeer.handleEvent(Unknown Source)
	at java.awt.Component.dispatchEventImpl(Unknown Source)
	at java.awt.Container.dispatchEventImpl(Unknown Source)
	at java.awt.Window.dispatchEventImpl(Unknown Source)
	at java.awt.Component.dispatchEvent(Unknown Source)
	at java.awt.EventQueue.dispatchEvent(Unknown Source)
	at java.awt.EventDispatchThread.pumpOneEventForHierarchy(Unknown Source)
	at java.awt.EventDispatchThread.pumpEventsForHierarchy(Unknown Source)
	at java.awt.EventDispatchThread.pumpEvents(Unknown Source)
	at java.awt.EventDispatchThread.pumpEvents(Unknown Source)
	at java.awt.EventDispatchThread.run(Unknown Source)
Exception in thread "AWT-EventQueue-0" java.lang.ArrayIndexOutOfBoundsException: 0 >= 0
	at java.util.Vector.elementAt(Unknown Source)
	at COM.cadence.awd.graph.DepAxis.drawGrids(DepAxis.java:536)
	at COM.cadence.awd.graph.DepAxis.paint(DepAxis.java:321)
	at COM.cadence.awd.graph.Rect2DGraph.drawStripAxes(Rect2DGraph.java:1364)
	at COM.cadence.awd.graph.Rect2DGraph.drawStripAxes(Rect2DGraph.java:1306)
	at COM.cadence.awd.graph.Rect2DGraph.drawAxes(Rect2DGraph.java:1244)
	at COM.cadence.awd.graph.Graph.paintObjects(Graph.java:1376)
	at COM.cadence.awd.graph.Rect2DGraph.paint(Rect2DGraph.java:342)
	at COM.cadence.awd.graph.GraphCanvas.paintComponent(GraphCanvas.java:564)
	at javax.swing.JComponent.paint(Unknown Source)
	at javax.swing.JComponent.paintChildren(Unknown Source)
	at javax.swing.JComponent.paint(Unknown Source)
	at javax.swing.JComponent.paintChildren(Unknown Source)
	at javax.swing.JComponent.paint(Unknown Source)
	at javax.swing.JComponent.paintChildren(Unknown Source)
	at javax.swing.JComponent.paint(Unknown Source)
	at javax.swing.JLayeredPane.paint(Unknown Source)
	at javax.swing.JComponent.paintChildren(Unknown Source)
	at javax.swing.JComponent.paint(Unknown Source)
	at javax.swing.JComponent._paintImmediately(Unknown Source)
	at javax.swing.JComponent.paintImmediately(Unknown Source)
	at javax.swing.RepaintManager.paintDirtyRegions(Unknown Source)
	at javax.swing.SystemEventQueueUtilities$ComponentWorkRequest.run(Unknown Source)
	at java.awt.event.InvocationEvent.dispatch(Unknown Source)
	at java.awt.EventQueue.dispatchEvent(Unknown Source)
	at java.awt.EventDispatchThread.pumpOneEventForHierarchy(Unknown Source)
	at java.awt.EventDispatchThread.pumpEventsForHierarchy(Unknown Source)
	at java.awt.EventDispatchThread.pumpEvents(Unknown Source)
	at java.awt.EventDispatchThread.pumpEvents(Unknown Source)
	at java.awt.EventDispatchThread.run(Unknown Source)
Exception in thread "AWT-EventQueue-0" java.lang.ArrayIndexOutOfBoundsException: 0 >= 0
	at java.util.Vector.elementAt(Unknown Source)
	at COM.cadence.awd.graph.DepAxis.drawGrids(DepAxis.java:536)
	at COM.cadence.awd.graph.DepAxis.paint(DepAxis.java:321)
	at COM.cadence.awd.graph.Rect2DGraph.drawStripAxes(Rect2DGraph.java:1364)
	at COM.cadence.awd.graph.Rect2DGraph.drawStripAxes(Rect2DGraph.java:1306)
	at COM.cadence.awd.graph.Rect2DGraph.drawAxes(Rect2DGraph.java:1244)
	at COM.cadence.awd.graph.Graph.paintObjects(Graph.java:1376)
	at COM.cadence.awd.graph.Rect2DGraph.paint(Rect2DGraph.java:342)
	at COM.cadence.awd.graph.GraphCanvas.paintComponent(GraphCanvas.java:564)
	at javax.swing.JComponent.paint(Unknown Source)
	at javax.swing.JComponent.paintChildren(Unknown Source)
	at javax.swing.JComponent.paint(Unknown Source)
	at javax.swing.JComponent.paintChildren(Unknown Source)
	at javax.swing.JComponent.paint(Unknown Source)
	at javax.swing.JComponent.paintChildren(Unknown Source)
	at javax.swing.JComponent.paint(Unknown Source)
	at javax.swing.JLayeredPane.paint(Unknown Source)
	at javax.swing.JComponent.paintChildren(Unknown Source)
	at javax.swing.JComponent.paint(Unknown Source)
	at javax.swing.JComponent._paintImmediately(Unknown Source)
	at javax.swing.JComponent.paintImmediately(Unknown Source)
	at javax.swing.RepaintManager.paintDirtyRegions(Unknown Source)
	at javax.swing.SystemEventQueueUtilities$ComponentWorkRequest.run(Unknown Source)
	at java.awt.event.InvocationEvent.dispatch(Unknown Source)
	at java.awt.EventQueue.dispatchEvent(Unknown Source)
	at java.awt.EventDispatchThread.pumpOneEventForHierarchy(Unknown Source)
	at java.awt.EventDispatchThread.pumpEventsForHierarchy(Unknown Source)
	at java.awt.EventDispatchThread.pumpEvents(Unknown Source)
	at java.awt.EventDispatchThread.pumpEvents(Unknown Source)
	at java.awt.EventDispatchThread.run(Unknown Source)
Exception in thread "AWT-EventQueue-0" java.lang.ArrayIndexOutOfBoundsException: 0 >= 0
	at java.util.Vector.elementAt(Unknown Source)
	at COM.cadence.awd.graph.DepAxis.drawGrids(DepAxis.java:536)
	at COM.cadence.awd.graph.DepAxis.paint(DepAxis.java:321)
	at COM.cadence.awd.graph.Rect2DGraph.drawStripAxes(Rect2DGraph.java:1364)
	at COM.cadence.awd.graph.Rect2DGraph.drawStripAxes(Rect2DGraph.java:1306)
	at COM.cadence.awd.graph.Rect2DGraph.drawAxes(Rect2DGraph.java:1244)
	at COM.cadence.awd.graph.Graph.paintObjects(Graph.java:1376)
	at COM.cadence.awd.graph.Rect2DGraph.paint(Rect2DGraph.java:342)
	at COM.cadence.awd.graph.GraphCanvas.paintComponent(GraphCanvas.java:564)
	at COM.cadence.awd.graph.GraphCanvas.doPaintImmediately(GraphCanvas.java:1329)
	at COM.cadence.awd.graph.Graph$9.run(Graph.java:19655)
	at java.awt.event.InvocationEvent.dispatch(Unknown Source)
	at java.awt.EventQueue.dispatchEvent(Unknown Source)
	at java.awt.EventDispatchThread.pumpOneEventForHierarchy(Unknown Source)
	at java.awt.EventDispatchThread.pumpEventsForHierarchy(Unknown Source)
	at java.awt.EventDispatchThread.pumpEvents(Unknown Source)
	at java.awt.EventDispatchThread.pumpEvents(Unknown Source)
	at java.awt.EventDispatchThread.run(Unknown Source)
Exception in thread "AWT-EventQueue-0" java.lang.ArrayIndexOutOfBoundsException: 0 >= 0
	at java.util.Vector.elementAt(Unknown Source)
	at COM.cadence.awd.graph.DepAxis.drawGrids(DepAxis.java:536)
	at COM.cadence.awd.graph.DepAxis.paint(DepAxis.java:321)
	at COM.cadence.awd.graph.Rect2DGraph.drawStripAxes(Rect2DGraph.java:1364)
	at COM.cadence.awd.graph.Rect2DGraph.drawStripAxes(Rect2DGraph.java:1306)
	at COM.cadence.awd.graph.Rect2DGraph.drawAxes(Rect2DGraph.java:1244)
	at COM.cadence.awd.graph.Graph.paintObjects(Graph.java:1376)
	at COM.cadence.awd.graph.Rect2DGraph.paint(Rect2DGraph.java:342)
	at COM.cadence.awd.graph.GraphCanvas.paintComponent(GraphCanvas.java:564)
	at javax.swing.JComponent.paint(Unknown Source)
	at javax.swing.JComponent.paintChildren(Unknown Source)
	at javax.swing.JComponent.paint(Unknown Source)
	at javax.swing.JComponent.paintChildren(Unknown Source)
	at javax.swing.JComponent.paint(Unknown Source)
	at javax.swing.JComponent.paintChildren(Unknown Source)
	at javax.swing.JComponent.paint(Unknown Source)
	at javax.swing.JLayeredPane.paint(Unknown Source)
	at javax.swing.JComponent.paintChildren(Unknown Source)
	at javax.swing.JComponent.paint(Unknown Source)
	at java.awt.GraphicsCallback$PaintCallback.run(Unknown Source)
	at sun.awt.SunGraphicsCallback.runOneComponent(Unknown Source)
	at sun.awt.SunGraphicsCallback.runComponents(Unknown Source)
	at java.awt.Container.paint(Unknown Source)
	at sun.awt.RepaintArea.paintComponent(Unknown Source)
	at sun.awt.X11.XRepaintArea.paintComponent(Unknown Source)
	at sun.awt.RepaintArea.paint(Unknown Source)
	at sun.awt.X11.XComponentPeer.handleEvent(Unknown Source)
	at java.awt.Component.dispatchEventImpl(Unknown Source)
	at java.awt.Container.dispatchEventImpl(Unknown Source)
	at java.awt.Window.dispatchEventImpl(Unknown Source)
	at java.awt.Component.dispatchEvent(Unknown Source)
	at java.awt.EventQueue.dispatchEvent(Unknown Source)
	at java.awt.EventDispatchThread.pumpOneEventForHierarchy(Unknown Source)
	at java.awt.EventDispatchThread.pumpEventsForHierarchy(Unknown Source)
	at java.awt.EventDispatchThread.pumpEvents(Unknown Source)
	at java.awt.EventDispatchThread.pumpEvents(Unknown Source)
	at java.awt.EventDispatchThread.run(Unknown Source)
