Checking out Encounter license ...
Encounter_Digital_Impl_Sys_XL 9.1 license checkout succeeded.
You can run 2 CPU jobs with the base license that is currently checked out.
If required, use the setMultiCpuUsage command to enable multi-CPU processing.
This Encounter release has been compiled with OA version 22.04-p058.
*******************************************************************
*   Copyright (c)  Cadence Design Systems, Inc.  1996 - 2009.     *
*                     All rights reserved.                        *
*                                                                 *
*                                                                 *
*                                                                 *
* This program contains confidential and trade secret information *
* of Cadence Design Systems, Inc. and is protected by copyright   *
* law and international treaties.  Any reproduction, use,         *
* distribution or disclosure of this program or any portion of it,*
* or any attempt to obtain a human-readable version of this       *
* program, without the express, prior written consent of          *
* Cadence Design Systems, Inc., is strictly prohibited.           *
*                                                                 *
*                 Cadence Design Systems, Inc.                    *
*                    2655 Seely Avenue                            *
*                   San Jose, CA 95134,  USA                      *
*                                                                 *
*                                                                 *
*******************************************************************

@(#)CDS: Encounter v09.11-s084_1 (32bit) 04/26/2010 12:41 (Linux 2.6)
@(#)CDS: NanoRoute v09.11-s008 NR100226-1806/USR63-UB (database version 2.30, 93.1.1) {superthreading v1.14}
@(#)CDS: CeltIC v09.11-s011_1 (32bit) 03/04/2010 09:23:40 (Linux 2.6.9-78.0.25.ELsmp)
@(#)CDS: CTE 09.11-s016_1 (32bit) Apr  8 2010 03:34:50 (Linux 2.6.9-78.0.25.ELsmp)
@(#)CDS: CPE v09.11-s023
--- Starting "Encounter v09.11-s084_1" on Tue Mar 21 12:38:06 2017 (mem=46.7M) ---
--- Running on 5013-w19 (x86_64 w/Linux 2.6.32-573.3.1.el6.x86_64) ---
This version was compiled on Mon Apr 26 12:41:13 PDT 2010.
Set DBUPerIGU to 1000.
Set net toggle Scale Factor to 1.00
Set Shrink Factor to 1.00000
<CMD> setDrawView fplan

*** Memory Usage v0.159.2.6.2.1 (Current mem = 190.008M, initial mem = 46.672M) ***
--- Ending "Encounter" (totcpu=0:00:04.5, real=0:00:22.0, mem=190.0M) ---
