Checking out Encounter license ...
Encounter_Digital_Impl_Sys_XL 9.1 license checkout succeeded.
You can run 2 CPU jobs with the base license that is currently checked out.
If required, use the setMultiCpuUsage command to enable multi-CPU processing.
This Encounter release has been compiled with OA version 22.04-p058.
*******************************************************************
*   Copyright (c)  Cadence Design Systems, Inc.  1996 - 2009.     *
*                     All rights reserved.                        *
*                                                                 *
*                                                                 *
*                                                                 *
* This program contains confidential and trade secret information *
* of Cadence Design Systems, Inc. and is protected by copyright   *
* law and international treaties.  Any reproduction, use,         *
* distribution or disclosure of this program or any portion of it,*
* or any attempt to obtain a human-readable version of this       *
* program, without the express, prior written consent of          *
* Cadence Design Systems, Inc., is strictly prohibited.           *
*                                                                 *
*                 Cadence Design Systems, Inc.                    *
*                    2655 Seely Avenue                            *
*                   San Jose, CA 95134,  USA                      *
*                                                                 *
*                                                                 *
*******************************************************************

@(#)CDS: Encounter v09.11-s084_1 (32bit) 04/26/2010 12:41 (Linux 2.6)
@(#)CDS: NanoRoute v09.11-s008 NR100226-1806/USR63-UB (database version 2.30, 93.1.1) {superthreading v1.14}
@(#)CDS: CeltIC v09.11-s011_1 (32bit) 03/04/2010 09:23:40 (Linux 2.6.9-78.0.25.ELsmp)
@(#)CDS: CTE 09.11-s016_1 (32bit) Apr  8 2010 03:34:50 (Linux 2.6.9-78.0.25.ELsmp)
@(#)CDS: CPE v09.11-s023
--- Starting "Encounter v09.11-s084_1" on Mon Mar 20 12:01:13 2017 (mem=46.7M) ---
--- Running on 5013-w38 (x86_64 w/Linux 2.6.32-573.3.1.el6.x86_64) ---
This version was compiled on Mon Apr 26 12:41:13 PDT 2010.
Set DBUPerIGU to 1000.
Set net toggle Scale Factor to 1.00
Set Shrink Factor to 1.00000
<CMD_INTERNAL> setUIVar rda_Input rel_c_thresh 0.01
<CMD_INTERNAL> setUIVar rda_Input ui_gndnet GRND
<CMD_INTERNAL> setUIVar rda_Input ui_cts_cell_list {buf inv}
<CMD_INTERNAL> setUIVar rda_Input ui_timingcon_file Synthesized/sorter_top.sdc
<CMD_INTERNAL> setUIVar rda_Input ui_leffile {/CMC/EDA/kits/gpdk_MIET_2.0/GSCLib_IO_1.4/lef/GSCLib_IO.lef /CMC/EDA/kits/gpdk_MIET_2.0/GSCLib_3.0/lef/GSCLib_3.0.lef}
<CMD_INTERNAL> setUIVar rda_Input ui_timelib {/CMC/EDA/kits/gpdk_MIET_2.0/GSCLib_IO_1.4/timing/GSCLib_IO.lib /CMC/EDA/kits/gpdk_MIET_2.0/GSCLib_3.0/timing/GSCLib_3.0.lib}
<CMD_INTERNAL> setUIVar rda_Input ui_netlist {Synthesized/sorter_top.v /CMC/EDA/kits/gpdk_MIET_2.0/GSCLib_3.0/verilog/GSCLib_3.0_stub.v}
<CMD_INTERNAL> setUIVar rda_Input ui_topcell sorter_top
<CMD_INTERNAL> setUIVar rda_Input ui_rel_c_thresh 0.01
<CMD_INTERNAL> setUIVar rda_Input ui_pwrnet POWR
<CMD> commitConfig

Loading Lef file /CMC/EDA/kits/gpdk_MIET_2.0/GSCLib_IO_1.4/lef/GSCLib_IO.lef...
Initializing default via types and wire widths ...
**ERROR: (ENCLF-53):	The layer 'Metal2' is not found in the database.
A layer must be defined before it can be referenced.
**ERROR: (ENCLF-3):	Error found when processing LEF file '/CMC/EDA/kits/gpdk_MIET_2.0/GSCLib_IO_1.4/lef/GSCLib_IO.lef'
**ERROR: (ENCLF-26):	No technology information is defined in the first lef file.
Please rearrange the lef file order and make sure the technology lef file is the
first one, exit and restart Encounter.
**ERROR: (ENCLF-26):	No technology information is defined in the first lef file.
Please rearrange the lef file order and make sure the technology lef file is the
first one, exit and restart Encounter.
**ERROR: **ERROR: (ENCSYT-16013):	Load LEF file /CMC/EDA/kits/gpdk_MIET_2.0/GSCLib_IO_1.4/lef/GSCLib_IO.lef /CMC/EDA/kits/gpdk_MIET_2.0/GSCLib_3.0/lef/GSCLib_3.0.lef failed

<CMD_INTERNAL> setUIVar rda_Input rel_c_thresh 0.01
<CMD_INTERNAL> setUIVar rda_Input ui_gndnet GRND
<CMD_INTERNAL> setUIVar rda_Input ui_cts_cell_list {buf inv}
<CMD_INTERNAL> setUIVar rda_Input ui_timingcon_file Synthesized/sorter_top.sdc
<CMD_INTERNAL> setUIVar rda_Input ui_leffile {/EDA/kits/gpdk18/GSCLib_IO_1.4/lef/GSCLib_IO.lef /EDA/kits/gpdk18/GSCLib_3.0/lef/GSCLib_3.0.lef}
<CMD_INTERNAL> setUIVar rda_Input ui_timelib {/EDA/kits/gpdk18/GSCLib_IO_1.4/timing/GSCLib_IO.lib /EDA/kits/gpdk18/GSCLib_3.0/timing/GSCLib_3.0.lib}
<CMD_INTERNAL> setUIVar rda_Input ui_netlist {Synthesized/sorter_top.v /EDA/kits/gpdk18/GSCLib_3.0/verilog/GSCLib_3.0_stub.v}
<CMD_INTERNAL> setUIVar rda_Input ui_topcell sorter_top
<CMD_INTERNAL> setUIVar rda_Input ui_rel_c_thresh 0.01
<CMD_INTERNAL> setUIVar rda_Input ui_pwrnet POWR
<CMD> commitConfig

Loading Lef file /EDA/kits/gpdk18/GSCLib_IO_1.4/lef/GSCLib_IO.lef...
ERROR (LEFPARS-1505): MANUFACTURINGGRID statement was defined before UNITS.
Refer to the LEF Language Reference manual for the order of LEF statements. Error in file /EDA/kits/gpdk18/GSCLib_IO_1.4/lef/GSCLib_IO.lef at line 21, on token UNITS.
**ERROR: (ENCLF-3):	Error found when processing LEF file '/EDA/kits/gpdk18/GSCLib_IO_1.4/lef/GSCLib_IO.lef'
**ERROR: (ENCLF-26):	No technology information is defined in the first lef file.
Please rearrange the lef file order and make sure the technology lef file is the
first one, exit and restart Encounter.
**ERROR: (ENCLF-26):	No technology information is defined in the first lef file.
Please rearrange the lef file order and make sure the technology lef file is the
first one, exit and restart Encounter.
**ERROR: **ERROR: (ENCSYT-16013):	Load LEF file /EDA/kits/gpdk18/GSCLib_IO_1.4/lef/GSCLib_IO.lef /EDA/kits/gpdk18/GSCLib_3.0/lef/GSCLib_3.0.lef failed

<CMD_INTERNAL> setUIVar rda_Input rel_c_thresh 0.01
<CMD_INTERNAL> setUIVar rda_Input ui_gndnet GRND
<CMD_INTERNAL> setUIVar rda_Input ui_cts_cell_list {buf inv}
<CMD_INTERNAL> setUIVar rda_Input ui_timingcon_file Synthesized/sorter_top.sdc
<CMD_INTERNAL> setUIVar rda_Input ui_leffile {/CMC/EDA/kits/gpdk_MIET_2.0/GSCLib_3.0/lef/GSCLib_3.0.lef /CMC/EDA/kits/gpdk_MIET_2.0/GSCLib_IO_1.4/lef/GSCLib_IO.lef}
<CMD_INTERNAL> setUIVar rda_Input ui_timelib {/CMC/EDA/kits/gpdk_MIET_2.0/GSCLib_IO_1.4/timing/GSCLib_IO.lib /CMC/EDA/kits/gpdk_MIET_2.0/GSCLib_3.0/timing/GSCLib_3.0.lib}
<CMD_INTERNAL> setUIVar rda_Input ui_netlist {Synthesized/sorter_top.v /EDA/kits/gpdk18/GSCLib_3.0/verilog/GSCLib_3.0_stub.v}
<CMD_INTERNAL> setUIVar rda_Input ui_topcell sorter_top
<CMD_INTERNAL> setUIVar rda_Input ui_rel_c_thresh 0.01
<CMD_INTERNAL> setUIVar rda_Input ui_pwrnet POWR
<CMD> commitConfig

Loading Lef file /CMC/EDA/kits/gpdk_MIET_2.0/GSCLib_3.0/lef/GSCLib_3.0.lef...
ERROR (LEFPARS-1505): MANUFACTURINGGRID statement was defined before UNITS.
Refer to the LEF Language Reference manual for the order of LEF statements. Error in file /CMC/EDA/kits/gpdk_MIET_2.0/GSCLib_3.0/lef/GSCLib_3.0.lef at line 12, on token UNITS.
**ERROR: (ENCLF-3):	Error found when processing LEF file '/CMC/EDA/kits/gpdk_MIET_2.0/GSCLib_3.0/lef/GSCLib_3.0.lef'
**ERROR: (ENCLF-26):	No technology information is defined in the first lef file.
Please rearrange the lef file order and make sure the technology lef file is the
first one, exit and restart Encounter.
**ERROR: (ENCLF-26):	No technology information is defined in the first lef file.
Please rearrange the lef file order and make sure the technology lef file is the
first one, exit and restart Encounter.
**ERROR: **ERROR: (ENCSYT-16013):	Load LEF file /CMC/EDA/kits/gpdk_MIET_2.0/GSCLib_3.0/lef/GSCLib_3.0.lef /CMC/EDA/kits/gpdk_MIET_2.0/GSCLib_IO_1.4/lef/GSCLib_IO.lef failed

<CMD_INTERNAL> setUIVar rda_Input rel_c_thresh 0.01
<CMD_INTERNAL> setUIVar rda_Input ui_gndnet GRND
<CMD_INTERNAL> setUIVar rda_Input ui_cts_cell_list {buf inv}
<CMD_INTERNAL> setUIVar rda_Input ui_timingcon_file Synthesized/sorter_top.sdc
<CMD_INTERNAL> setUIVar rda_Input ui_leffile {/CMC/EDA/kits/gpdk_MIET_2.0/GSCLib_3.0/lef/GSCLib_3.0.lef /CMC/EDA/kits/gpdk_MIET_2.0/GSCLib_IO_1.4/lef/GSCLib_IO.lef}
<CMD_INTERNAL> setUIVar rda_Input ui_timelib {/CMC/EDA/kits/gpdk_MIET_2.0/GSCLib_IO_1.4/timing/GSCLib_IO.lib /CMC/EDA/kits/gpdk_MIET_2.0/GSCLib_3.0/timing/GSCLib_3.0.lib}
<CMD_INTERNAL> setUIVar rda_Input ui_netlist {Synthesized/sorter_top.v /EDA/kits/gpdk18/GSCLib_3.0/verilog/GSCLib_3.0_stub.v}
<CMD_INTERNAL> setUIVar rda_Input ui_topcell sorter_top
<CMD_INTERNAL> setUIVar rda_Input ui_rel_c_thresh 0.01
<CMD_INTERNAL> setUIVar rda_Input ui_pwrnet POWR
<CMD> commitConfig

Loading Lef file /CMC/EDA/kits/gpdk_MIET_2.0/GSCLib_3.0/lef/GSCLib_3.0.lef...
ERROR (LEFPARS-1505): MANUFACTURINGGRID statement was defined before UNITS.
Refer to the LEF Language Reference manual for the order of LEF statements. Error in file /CMC/EDA/kits/gpdk_MIET_2.0/GSCLib_3.0/lef/GSCLib_3.0.lef at line 12, on token UNITS.
**ERROR: (ENCLF-3):	Error found when processing LEF file '/CMC/EDA/kits/gpdk_MIET_2.0/GSCLib_3.0/lef/GSCLib_3.0.lef'
**ERROR: (ENCLF-26):	No technology information is defined in the first lef file.
Please rearrange the lef file order and make sure the technology lef file is the
first one, exit and restart Encounter.
**ERROR: (ENCLF-26):	No technology information is defined in the first lef file.
Please rearrange the lef file order and make sure the technology lef file is the
first one, exit and restart Encounter.
**ERROR: **ERROR: (ENCSYT-16013):	Load LEF file /CMC/EDA/kits/gpdk_MIET_2.0/GSCLib_3.0/lef/GSCLib_3.0.lef /CMC/EDA/kits/gpdk_MIET_2.0/GSCLib_IO_1.4/lef/GSCLib_IO.lef failed

<CMD_INTERNAL> setUIVar rda_Input rel_c_thresh 0.01
<CMD_INTERNAL> setUIVar rda_Input ui_gndnet GRND
<CMD_INTERNAL> setUIVar rda_Input ui_cts_cell_list {buf inv}
<CMD_INTERNAL> setUIVar rda_Input ui_timingcon_file Synthesized/sorter_top.sdc
<CMD_INTERNAL> setUIVar rda_Input ui_leffile {/CMC/EDA/kits/gpdk_MIET_2.0/GSCLib_3.0/lef/GSCLib_3.0.lef /CMC/EDA/kits/gpdk_MIET_2.0/GSCLib_IO_1.4/lef/GSCLib_IO.lef}
<CMD_INTERNAL> setUIVar rda_Input ui_timelib {/CMC/EDA/kits/gpdk_MIET_2.0/GSCLib_IO_1.4/timing/GSCLib_IO.lib /CMC/EDA/kits/gpdk_MIET_2.0/GSCLib_3.0/timing/GSCLib_3.0.lib}
<CMD_INTERNAL> setUIVar rda_Input ui_netlist {Synthesized/sorter_top.v /CMC/EDA/kits/gpdk_MIET_2.0/GSCLib_3.0/verilog/GSCLib_3.0_stub.v}
<CMD_INTERNAL> setUIVar rda_Input ui_topcell sorter_top
<CMD_INTERNAL> setUIVar rda_Input ui_rel_c_thresh 0.01
<CMD_INTERNAL> setUIVar rda_Input ui_pwrnet POWR
<CMD> commitConfig

Loading Lef file /CMC/EDA/kits/gpdk_MIET_2.0/GSCLib_3.0/lef/GSCLib_3.0.lef...
ERROR (LEFPARS-1505): MANUFACTURINGGRID statement was defined before UNITS.
Refer to the LEF Language Reference manual for the order of LEF statements. Error in file /CMC/EDA/kits/gpdk_MIET_2.0/GSCLib_3.0/lef/GSCLib_3.0.lef at line 12, on token UNITS.
**ERROR: (ENCLF-3):	Error found when processing LEF file '/CMC/EDA/kits/gpdk_MIET_2.0/GSCLib_3.0/lef/GSCLib_3.0.lef'
**ERROR: (ENCLF-26):	No technology information is defined in the first lef file.
Please rearrange the lef file order and make sure the technology lef file is the
first one, exit and restart Encounter.
**ERROR: (ENCLF-26):	No technology information is defined in the first lef file.
Please rearrange the lef file order and make sure the technology lef file is the
first one, exit and restart Encounter.
**ERROR: **ERROR: (ENCSYT-16013):	Load LEF file /CMC/EDA/kits/gpdk_MIET_2.0/GSCLib_3.0/lef/GSCLib_3.0.lef /CMC/EDA/kits/gpdk_MIET_2.0/GSCLib_IO_1.4/lef/GSCLib_IO.lef failed


*** Memory Usage v0.159.2.6.2.1 (Current mem = 268.262M, initial mem = 46.664M) ***
--- Ending "Encounter" (totcpu=0:03:42, real=0:11:00, mem=268.3M) ---
