/EDA/tools/synopsys/syn_vY-2006.06-SP4/auxx/gui/dv/dv_setup.tcl
/EDA/tools/synopsys/syn_vY-2006.06-SP4/auxx/gui/syn/snpsSynProcs.tcl
/EDA/tools/synopsys/syn_vY-2006.06-SP4/auxx/tcllib/lib/tcl8.4/package.tcl
/EDA/tools/synopsys/syn_vY-2006.06-SP4/auxx/gui/common/setup/pkgIndex.tcl
/EDA/tools/synopsys/syn_vY-2006.06-SP4/auxx/gui/common/opdlg/pkgIndex.tcl
/EDA/tools/synopsys/syn_vY-2006.06-SP4/auxx/gui/common/schematic/pkgIndex.tcl
/EDA/tools/synopsys/syn_vY-2006.06-SP4/auxx/gui/common/profiler/pkgIndex.tcl
/EDA/tools/synopsys/syn_vY-2006.06-SP4/auxx/gui/common/select/pkgIndex.tcl
/EDA/tools/synopsys/syn_vY-2006.06-SP4/auxx/gui/common/hierarchy/pkgIndex.tcl
/EDA/tools/synopsys/syn_vY-2006.06-SP4/auxx/gui/common/fanoutviewer/pkgIndex.tcl
/EDA/tools/synopsys/syn_vY-2006.06-SP4/auxx/gui/common/qtcl/pkgIndex.tcl
/EDA/tools/synopsys/syn_vY-2006.06-SP4/auxx/gui/common/prism/pkgIndex.tcl
/EDA/tools/synopsys/syn_vY-2006.06-SP4/auxx/gui/common/misc/pkgIndex.tcl
/EDA/tools/synopsys/syn_vY-2006.06-SP4/auxx/gui/common/daisy/pkgIndex.tcl
/EDA/tools/synopsys/syn_vY-2006.06-SP4/auxx/gui/common/strokes/pkgIndex.tcl
/EDA/tools/synopsys/syn_vY-2006.06-SP4/auxx/gui/common/WindowFrameWork/pkgIndex.tcl
/EDA/tools/synopsys/syn_vY-2006.06-SP4/auxx/gui/common/pathinspector/pkgIndex.tcl
/EDA/tools/synopsys/syn_vY-2006.06-SP4/auxx/gui/common/foils/pkgIndex.tcl
/EDA/tools/synopsys/syn_vY-2006.06-SP4/auxx/gui/common/libviewer/pkgIndex.tcl
/EDA/tools/synopsys/syn_vY-2006.06-SP4/auxx/gui/common/menus/pkgIndex.tcl
/EDA/tools/synopsys/syn_vY-2006.06-SP4/auxx/gui/common/highlight/pkgIndex.tcl
/EDA/tools/synopsys/syn_vY-2006.06-SP4/auxx/gui/common/help/pkgIndex.tcl
/EDA/tools/synopsys/syn_vY-2006.06-SP4/auxx/gui/common/dialogs/pkgIndex.tcl
/EDA/tools/synopsys/syn_vY-2006.06-SP4/auxx/gui/common/overview/pkgIndex.tcl
/EDA/tools/synopsys/syn_vY-2006.06-SP4/auxx/gui/common/docBrowser/pkgIndex.tcl
/EDA/tools/synopsys/syn_vY-2006.06-SP4/auxx/gui/common/view/pkgIndex.tcl
/EDA/tools/synopsys/syn_vY-2006.06-SP4/auxx/gui/common/tcl-dp/pkgIndex.tcl
/EDA/tools/synopsys/syn_vY-2006.06-SP4/auxx/gui/common/layout/pkgIndex.tcl
/EDA/tools/synopsys/syn_vY-2006.06-SP4/auxx/gui/common/formbuilder/pkgIndex.tcl
/EDA/tools/synopsys/syn_vY-2006.06-SP4/auxx/gui/common/histogram/pkgIndex.tcl
/EDA/tools/synopsys/syn_vY-2006.06-SP4/auxx/gui/common/table/pkgIndex.tcl
/EDA/tools/synopsys/syn_vY-2006.06-SP4/auxx/tcllib/snps_tcl/snpsUtils/pkgIndex.tcl
/EDA/tools/synopsys/syn_vY-2006.06-SP4/auxx/tcllib/snps_tcl/snpsTest/pkgIndex.tcl
/EDA/tools/synopsys/syn_vY-2006.06-SP4/auxx/tcllib/snps_tcl/snpsTclPro/pkgIndex.tcl
/EDA/tools/synopsys/syn_vY-2006.06-SP4/auxx/tcllib/lib/tcl8.4/opt/pkgIndex.tcl
/EDA/tools/synopsys/syn_vY-2006.06-SP4/auxx/tcllib/lib/tcl8.4/tcltest/pkgIndex.tcl
/EDA/tools/synopsys/syn_vY-2006.06-SP4/auxx/tcllib/lib/tcl8.4/http1.0/pkgIndex.tcl
/EDA/tools/synopsys/syn_vY-2006.06-SP4/auxx/tcllib/lib/tcl8.4/reg/pkgIndex.tcl
/EDA/tools/synopsys/syn_vY-2006.06-SP4/auxx/tcllib/lib/tcl8.4/msgcat/pkgIndex.tcl
/EDA/tools/synopsys/syn_vY-2006.06-SP4/auxx/tcllib/lib/tcl8.4/dde/pkgIndex.tcl
/EDA/tools/synopsys/syn_vY-2006.06-SP4/auxx/tcllib/lib/tcl8.4/http/pkgIndex.tcl
/EDA/tools/synopsys/syn_vY-2006.06-SP4/auxx/gui/common/setup/snpsCommonSetup.tcl
/EDA/tools/synopsys/syn_vY-2006.06-SP4/auxx/gui/common/setup/snpsCustomize.tcl
/EDA/tools/synopsys/syn_vY-2006.06-SP4/auxx/gui/common/qtcl/.synopsys_qtcl.tcl
/EDA/tools/synopsys/syn_vY-2006.06-SP4/auxx/gui/common/highlight/highlight.tcl
/EDA/tools/synopsys/syn_vY-2006.06-SP4/auxx/gui/common/docBrowser/docBrowser.tcl
/EDA/tools/synopsys/syn_vY-2006.06-SP4/auxx/tcllib/snps_tcl/snpsUtils/snpsUtils.tcl
/EDA/tools/synopsys/syn_vY-2006.06-SP4/auxx/gui/common/WindowFrameWork/windowFrameWork.tcl
/EDA/tools/synopsys/syn_vY-2006.06-SP4/auxx/gui/common/WindowFrameWork/skipBusyCursorCmdList.tcl
/EDA/tools/synopsys/syn_vY-2006.06-SP4/auxx/gui/common/misc/base.tcl
/EDA/tools/synopsys/syn_vY-2006.06-SP4/auxx/gui/common/misc/timing.tcl
/EDA/tools/synopsys/syn_vY-2006.06-SP4/auxx/gui/common/misc/setting.tcl
/EDA/tools/synopsys/syn_vY-2006.06-SP4/auxx/gui/common/dialogs/ObjectChooser.tcl
/EDA/tools/synopsys/syn_vY-2006.06-SP4/auxx/gui/common/misc/DialogObjectChooser.tcl
/EDA/tools/synopsys/syn_vY-2006.06-SP4/auxx/gui/common/dialogs/HistBinInformation.tcl
/EDA/tools/synopsys/syn_vY-2006.06-SP4/auxx/gui/common/dialogs/HistBin1Information.tcl
/EDA/tools/synopsys/syn_vY-2006.06-SP4/auxx/gui/common/dialogs/BinsOnlyInformation.tcl
/EDA/tools/synopsys/syn_vY-2006.06-SP4/auxx/gui/common/dialogs/FileChooser.tcl
/EDA/tools/synopsys/syn_vY-2006.06-SP4/auxx/gui/common/dialogs/PathPinSimpleInfo.tcl
/EDA/tools/synopsys/syn_vY-2006.06-SP4/auxx/gui/common/dialogs/PathsBasicInfo.tcl
/EDA/tools/synopsys/syn_vY-2006.06-SP4/auxx/gui/common/dialogs/PathsBasicSimpleInfo.tcl
/EDA/tools/synopsys/syn_vY-2006.06-SP4/auxx/gui/common/dialogs/SlctOperationInfo.tcl
/EDA/tools/synopsys/syn_vY-2006.06-SP4/auxx/gui/common/dialogs/ObjectListInfo.tcl
/EDA/tools/synopsys/syn_vY-2006.06-SP4/auxx/gui/common/dialogs/FanInOutInfo.tcl
/EDA/tools/synopsys/syn_vY-2006.06-SP4/auxx/gui/common/dialogs/NumberOfLevelsChooser.tcl
/EDA/tools/synopsys/syn_vY-2006.06-SP4/auxx/gui/common/dialogs/WindowReuseInfo.tcl
/EDA/tools/synopsys/syn_vY-2006.06-SP4/auxx/gui/common/dialogs/ReportOutputOptionInfo.tcl
/EDA/tools/synopsys/syn_vY-2006.06-SP4/auxx/gui/common/dialogs/PreferencesDlg.tcl
/EDA/tools/synopsys/syn_vY-2006.06-SP4/auxx/gui/common/dialogs/CompileLinkDesign.tcl
/EDA/tools/synopsys/syn_vY-2006.06-SP4/auxx/gui/common/histogram/DialogEndpointSlack.tcl
/EDA/tools/synopsys/syn_vY-2006.06-SP4/auxx/gui/common/histogram/DialogPathsSlack.tcl
/EDA/tools/synopsys/syn_vY-2006.06-SP4/auxx/gui/common/histogram/DialogNetCapacitance.tcl
/EDA/tools/synopsys/syn_vY-2006.06-SP4/auxx/gui/common/schematic/DialogPathSchematicFanInOut.tcl
/EDA/tools/synopsys/syn_vY-2006.06-SP4/auxx/gui/common/schematic/DialogPathSchematicAddPaths.tcl
/EDA/tools/synopsys/syn_vY-2006.06-SP4/auxx/gui/common/histogram/base.tcl
/EDA/tools/synopsys/syn_vY-2006.06-SP4/auxx/gui/common/profiler/base.tcl
/EDA/tools/synopsys/syn_vY-2006.06-SP4/auxx/gui/common/schematic/base.tcl
/EDA/tools/synopsys/syn_vY-2006.06-SP4/auxx/gui/common/schematic/enable.tcl
/EDA/tools/synopsys/syn_vY-2006.06-SP4/auxx/gui/common/schematic/netlist.tcl
/EDA/tools/synopsys/syn_vY-2006.06-SP4/auxx/gui/common/schematic/method.tcl
/EDA/tools/synopsys/syn_vY-2006.06-SP4/auxx/gui/common/misc/createViewType.tcl
/EDA/tools/synopsys/syn_vY-2006.06-SP4/auxx/gui/common/menus/base.tcl
/EDA/tools/synopsys/syn_vY-2006.06-SP4/auxx/gui/common/libviewer/base.tcl
/EDA/tools/synopsys/syn_vY-2006.06-SP4/auxx/gui/common/formbuilder/snpsFormBuilder.tcl
/EDA/tools/synopsys/syn_vY-2006.06-SP4/auxx/gui/common/daisy/snpsDaisy.tcl
/EDA/tools/synopsys/syn_vY-2006.06-SP4/auxx/gui/common/prism/snpsPrism.tcl
/EDA/tools/synopsys/syn_vY-2006.06-SP4/auxx/gui/common/misc/viewmgr.tcl
/EDA/tools/synopsys/syn_vY-2006.06-SP4/auxx/gui/common/layout/col_srv.tcl
/EDA/tools/synopsys/syn_vY-2006.06-SP4/auxx/gui/common/pathinspector/base.tcl
/EDA/tools/synopsys/syn_vY-2006.06-SP4/auxx/gui/common/pathinspector/create_window_and_menu.tcl
/EDA/tools/synopsys/syn_vY-2006.06-SP4/auxx/gui/common/misc/viewporthistory.tcl
/afs/ualberta.ca/home/a/k/akolkar/ece403-lab3/Synopsis/sorter.vhd
/EDA/kits/gpdk18/GSCLib_3.0/timing/GSCLib_3.0.db
/EDA/kits/gpdk18/GSCLib_IO_1.4/timing/GSCLib_IO.db
/afs/ualberta.ca/home/a/k/akolkar/ece403-lab3/Synopsis/sorter_top.vhd
/EDA/tools/synopsys/syn_vY-2006.06-SP4/libraries/syn/gtech.db
/EDA/tools/synopsys/syn_vY-2006.06-SP4/libraries/syn/standard.sldb
/EDA/tools/synopsys/syn_vY-2006.06-SP4/libraries/syn/generic.sdb
/EDA/kits/gpdk18/GSCLib_3.0/timing/GSCLib_3.0.db
/EDA/kits/gpdk18/GSCLib_IO_1.4/timing/GSCLib_IO.db
/EDA/kits/gpdk18/GSCLib_3.0/timing/GSCLib_3.0.db
/EDA/kits/gpdk18/GSCLib_IO_1.4/timing/GSCLib_IO.db
/EDA/kits/gpdk18/GSCLib_3.0/timing/GSCLib_3.0.db
/EDA/kits/gpdk18/GSCLib_IO_1.4/timing/GSCLib_IO.db
/EDA/kits/gpdk18/GSCLib_3.0/timing/GSCLib_3.0.db
/EDA/kits/gpdk18/GSCLib_IO_1.4/timing/GSCLib_IO.db
/EDA/kits/gpdk18/GSCLib_3.0/timing/GSCLib_3.0.db
/EDA/kits/gpdk18/GSCLib_IO_1.4/timing/GSCLib_IO.db
/EDA/kits/gpdk18/GSCLib_3.0/timing/GSCLib_3.0.db
/EDA/kits/gpdk18/GSCLib_IO_1.4/timing/GSCLib_IO.db
/EDA/kits/gpdk18/GSCLib_3.0/timing/GSCLib_3.0.db
/EDA/kits/gpdk18/GSCLib_IO_1.4/timing/GSCLib_IO.db
/EDA/kits/gpdk18/GSCLib_3.0/timing/GSCLib_3.0.db
/EDA/kits/gpdk18/GSCLib_IO_1.4/timing/GSCLib_IO.db
/EDA/kits/gpdk18/GSCLib_3.0/timing/GSCLib_3.0.db
/EDA/kits/gpdk18/GSCLib_IO_1.4/timing/GSCLib_IO.db
/EDA/kits/gpdk18/GSCLib_3.0/timing/GSCLib_3.0.db
/EDA/kits/gpdk18/GSCLib_IO_1.4/timing/GSCLib_IO.db
/EDA/kits/gpdk18/GSCLib_3.0/timing/GSCLib_3.0.db
/EDA/kits/gpdk18/GSCLib_IO_1.4/timing/GSCLib_IO.db
/EDA/kits/gpdk18/GSCLib_3.0/timing/GSCLib_3.0.db
/EDA/kits/gpdk18/GSCLib_IO_1.4/timing/GSCLib_IO.db
